0 info it worked if it ends with ok
1 verbose cli [ '/Users/williamwong/.nvm/versions/node/v6.13.1/bin/node',
1 verbose cli   '/Users/williamwong/.nvm/versions/node/v6.13.1/bin/npm',
1 verbose cli   'run',
1 verbose cli   'db:setup2' ]
2 info using npm@3.10.10
3 info using node@v6.13.1
4 verbose run-script [ 'predb:setup2', 'db:setup2', 'postdb:setup2' ]
5 info lifecycle about_info_module@1.0.0~predb:setup2: about_info_module@1.0.0
6 silly lifecycle about_info_module@1.0.0~predb:setup2: no script for predb:setup2, continuing
7 info lifecycle about_info_module@1.0.0~db:setup2: about_info_module@1.0.0
8 verbose lifecycle about_info_module@1.0.0~db:setup2: unsafe-perm in lifecycle true
9 verbose lifecycle about_info_module@1.0.0~db:setup2: PATH: /Users/williamwong/.nvm/versions/node/v6.13.1/lib/node_modules/npm/bin/node-gyp-bin:/Users/williamwong/Downloads/coding/FEC2/about_info_module/node_modules/.bin:/Users/williamwong/.nvm/versions/node/v6.13.1/bin:/usr/local/bin:/usr/bin:/bin:/usr/sbin:/sbin:/Users/williamwong/.nvm/versions/node/v6.13.1/bin:/usr/local/opt/mysql@5.7/bin:/usr/local/opt/mysql@5.7/bin
10 verbose lifecycle about_info_module@1.0.0~db:setup2: CWD: /Users/williamwong/Downloads/coding/FEC2/about_info_module
11 silly lifecycle about_info_module@1.0.0~db:setup2: Args: [ '-c', 'node database/seed2.js' ]
12 silly lifecycle about_info_module@1.0.0~db:setup2: Returned: code: 1  signal: null
13 info lifecycle about_info_module@1.0.0~db:setup2: Failed to exec db:setup2 script
14 verbose stack Error: about_info_module@1.0.0 db:setup2: `node database/seed2.js`
14 verbose stack Exit status 1
14 verbose stack     at EventEmitter.<anonymous> (/Users/williamwong/.nvm/versions/node/v6.13.1/lib/node_modules/npm/lib/utils/lifecycle.js:255:16)
14 verbose stack     at emitTwo (events.js:106:13)
14 verbose stack     at EventEmitter.emit (events.js:191:7)
14 verbose stack     at ChildProcess.<anonymous> (/Users/williamwong/.nvm/versions/node/v6.13.1/lib/node_modules/npm/lib/utils/spawn.js:40:14)
14 verbose stack     at emitTwo (events.js:106:13)
14 verbose stack     at ChildProcess.emit (events.js:191:7)
14 verbose stack     at maybeClose (internal/child_process.js:920:16)
14 verbose stack     at Process.ChildProcess._handle.onexit (internal/child_process.js:230:5)
15 verbose pkgid about_info_module@1.0.0
16 verbose cwd /Users/williamwong/Downloads/coding/FEC2/about_info_module
17 error Darwin 18.2.0
18 error argv "/Users/williamwong/.nvm/versions/node/v6.13.1/bin/node" "/Users/williamwong/.nvm/versions/node/v6.13.1/bin/npm" "run" "db:setup2"
19 error node v6.13.1
20 error npm  v3.10.10
21 error code ELIFECYCLE
22 error about_info_module@1.0.0 db:setup2: `node database/seed2.js`
22 error Exit status 1
23 error Failed at the about_info_module@1.0.0 db:setup2 script 'node database/seed2.js'.
23 error Make sure you have the latest version of node.js and npm installed.
23 error If you do, this is most likely a problem with the about_info_module package,
23 error not with npm itself.
23 error Tell the author that this fails on your system:
23 error     node database/seed2.js
23 error You can get information on how to open an issue for this project with:
23 error     npm bugs about_info_module
23 error Or if that isn't available, you can get their info via:
23 error     npm owner ls about_info_module
23 error There is likely additional logging output above.
24 verbose exit [ 1, true ]
